  ConsoleApplication1.cpp
  OpenCvTest.cpp
E:\Document\FFW\Project\learnc\ConsoleApplication1\OpenCvTest.cpp(17,44): warning C4244:  “参数”: 从“int”转换到“_Tp”，可能丢失数据
E:\Document\FFW\Project\learnc\ConsoleApplication1\OpenCvTest.cpp(17,44): warning C4244:         with
E:\Document\FFW\Project\learnc\ConsoleApplication1\OpenCvTest.cpp(17,44): warning C4244:         [
E:\Document\FFW\Project\learnc\ConsoleApplication1\OpenCvTest.cpp(17,44): warning C4244:             _Tp=float
E:\Document\FFW\Project\learnc\ConsoleApplication1\OpenCvTest.cpp(17,44): warning C4244:         ]
E:\Document\FFW\Project\learnc\ConsoleApplication1\OpenCvTest.cpp(17,30): warning C4244:  “参数”: 从“int”转换到“_Tp”，可能丢失数据
E:\Document\FFW\Project\learnc\ConsoleApplication1\OpenCvTest.cpp(17,30): warning C4244:         with
E:\Document\FFW\Project\learnc\ConsoleApplication1\OpenCvTest.cpp(17,30): warning C4244:         [
E:\Document\FFW\Project\learnc\ConsoleApplication1\OpenCvTest.cpp(17,30): warning C4244:             _Tp=float
E:\Document\FFW\Project\learnc\ConsoleApplication1\OpenCvTest.cpp(17,30): warning C4244:         ]
E:\Document\FFW\Project\learnc\ConsoleApplication1\OpenCvTest.cpp(19,54): warning C4244:  “参数”: 从“int”转换到“float”，可能丢失数据
E:\Document\FFW\Project\learnc\ConsoleApplication1\OpenCvTest.cpp(32,40): warning C4244:  “参数”: 从“int”转换到“_Tp”，可能丢失数据
E:\Document\FFW\Project\learnc\ConsoleApplication1\OpenCvTest.cpp(32,40): warning C4244:         with
E:\Document\FFW\Project\learnc\ConsoleApplication1\OpenCvTest.cpp(32,40): warning C4244:         [
E:\Document\FFW\Project\learnc\ConsoleApplication1\OpenCvTest.cpp(32,40): warning C4244:             _Tp=float
E:\Document\FFW\Project\learnc\ConsoleApplication1\OpenCvTest.cpp(32,40): warning C4244:         ]
E:\Document\FFW\Project\learnc\ConsoleApplication1\OpenCvTest.cpp(32,26): warning C4244:  “参数”: 从“int”转换到“_Tp”，可能丢失数据
E:\Document\FFW\Project\learnc\ConsoleApplication1\OpenCvTest.cpp(32,26): warning C4244:         with
E:\Document\FFW\Project\learnc\ConsoleApplication1\OpenCvTest.cpp(32,26): warning C4244:         [
E:\Document\FFW\Project\learnc\ConsoleApplication1\OpenCvTest.cpp(32,26): warning C4244:             _Tp=float
E:\Document\FFW\Project\learnc\ConsoleApplication1\OpenCvTest.cpp(32,26): warning C4244:         ]
  正在生成代码...
E:\Document\FFW\Project\learnc\ConsoleApplication1\OpenCvTest.cpp(34,50): warning C4244:  “参数”: 从“int”转换到“float”，可能丢失数据
  ConsoleApplication1.vcxproj -> E:\Document\FFW\Project\learnc\x64\Debug\ConsoleApplication1.exe
